c:\users\raul\desktop\oop\lab3\temalab3\temalab3\debug\vc141.pdb
c:\users\raul\desktop\oop\lab3\temalab3\temalab3\debug\vc141.idb
c:\users\raul\desktop\oop\lab3\temalab3\temalab3\debug\main.obj
c:\users\raul\desktop\oop\lab3\temalab3\temalab3\debug\sort.obj
c:\users\raul\desktop\oop\lab3\temalab3\temalab3\debug\service.obj
c:\users\raul\desktop\oop\lab3\temalab3\temalab3\debug\lista.obj
c:\users\raul\desktop\oop\lab3\temalab3\temalab3\debug\domain.obj
c:\users\raul\desktop\oop\lab3\temalab3\debug\temalab3.exe
c:\users\raul\desktop\oop\lab3\temalab3\debug\temalab3.ilk
c:\users\raul\desktop\oop\lab3\temalab3\debug\temalab3.pdb
c:\users\raul\desktop\oop\lab3\temalab3\temalab3\debug\domain.obj.enc
c:\users\raul\desktop\oop\lab3\temalab3\temalab3\debug\lista.obj.enc
c:\users\raul\desktop\oop\lab3\temalab3\temalab3\debug\main.obj.enc
c:\users\raul\desktop\oop\lab3\temalab3\temalab3\debug\service.obj.enc
c:\users\raul\desktop\oop\lab3\temalab3\temalab3\debug\temalab3.tlog\cl.command.1.tlog
c:\users\raul\desktop\oop\lab3\temalab3\temalab3\debug\temalab3.tlog\cl.read.1.tlog
c:\users\raul\desktop\oop\lab3\temalab3\temalab3\debug\temalab3.tlog\cl.write.1.tlog
c:\users\raul\desktop\oop\lab3\temalab3\temalab3\debug\temalab3.tlog\link.command.1.tlog
c:\users\raul\desktop\oop\lab3\temalab3\temalab3\debug\temalab3.tlog\link.read.1.tlog
c:\users\raul\desktop\oop\lab3\temalab3\temalab3\debug\temalab3.tlog\link.write.1.tlog
