[2019-03-21 18:51:28] [info] Start Program:
Path:"C:\UBB\OOP\Scoican Ovidiu Costin\TravelAgencyApplication\Debug\TravelAgencyApplication.exe"
Arguments:
Working directory: "C:\UBB\OOP\Scoican Ovidiu Costin\TravelAgencyApplication\TravelAgencyApplication\"
Modules: Selected: C:\UBB\OOP\Scoican Ovidiu Costin\TravelAgencyApplication\Debug\TravelAgencyApplication.exe Excluded: 
Sources: Selected: C:\UBB\OOP\Scoican Ovidiu Costin\TravelAgencyApplication\TravelAgencyApplication Excluded: 
Log Level: Normal
Cover Children: 0
Aggregate by file: 1
Continue after C++ exception: 0
Optimized build support: 0
Export: Binary C:\Users\George\AppData\Local\Temp\v0frwqov.kyv 
Input coverage: 
Unified diff: 
Excluded line regular expressions: 
Substitute pdb source paths: 

[2019-03-21 18:51:28] [info] Module: C:\UBB\OOP\Scoican Ovidiu Costin\TravelAgencyApplication\Debug\TravelAgencyApplication.exe is selected because it matches selected pattern: C:\UBB\OOP\Scoican Ovidiu Costin\TravelAgencyApplication\Debug\TravelAgencyApplication.exe
[2019-03-21 18:51:30] [info] ----------------------------------------------------
[2019-03-21 18:51:30] [info] Coverage binary generated in file: C:\Users\George\AppData\Local\Temp\v0frwqov.kyv
[2019-03-21 18:51:30] [info] ----------------------------------------------------
