c:\users\raul\desktop\oop\lab_6_7\lab_6_7\debug\vc141.pdb
c:\users\raul\desktop\oop\lab_6_7\lab_6_7\debug\vc141.idb
c:\users\raul\desktop\oop\lab_6_7\lab_6_7\debug\main.obj
c:\users\raul\desktop\oop\lab_6_7\lab_6_7\debug\ui_obj.obj
c:\users\raul\desktop\oop\lab_6_7\lab_6_7\debug\service.obj
c:\users\raul\desktop\oop\lab_6_7\lab_6_7\debug\repository.obj
c:\users\raul\desktop\oop\lab_6_7\lab_6_7\debug\produs.obj
c:\users\raul\desktop\oop\lab_6_7\lab_6_7\debug\validator.obj
c:\users\raul\desktop\oop\lab_6_7\lab_6_7\debug\validator.nativecodeanalysis.xml
c:\users\raul\desktop\oop\lab_6_7\lab_6_7\debug\ui_obj.nativecodeanalysis.xml
c:\users\raul\desktop\oop\lab_6_7\lab_6_7\debug\service.nativecodeanalysis.xml
c:\users\raul\desktop\oop\lab_6_7\lab_6_7\debug\repository.nativecodeanalysis.xml
c:\users\raul\desktop\oop\lab_6_7\lab_6_7\debug\produs.nativecodeanalysis.xml
c:\users\raul\desktop\oop\lab_6_7\lab_6_7\debug\main.nativecodeanalysis.xml
c:\users\raul\desktop\oop\lab_6_7\debug\lab_6_7.exe
c:\users\raul\desktop\oop\lab_6_7\debug\lab_6_7.ilk
c:\users\raul\desktop\oop\lab_6_7\debug\lab_6_7.pdb
c:\users\raul\desktop\oop\lab_6_7\lab_6_7\debug\repository.obj.enc
c:\users\raul\desktop\oop\lab_6_7\lab_6_7\debug\ui_obj.obj.enc
c:\users\raul\desktop\oop\lab_6_7\lab_6_7\debug\nativecodeanalysis.read.1.tlog
c:\users\raul\desktop\oop\lab_6_7\lab_6_7\debug\vc.nativecodeanalysis.all.xml
c:\users\raul\desktop\oop\lab_6_7\debug\lab_6_7.exe.lastcodeanalysissucceeded
c:\users\raul\desktop\oop\lab_6_7\lab_6_7\debug\lab_6_7.tlog\cl.command.1.tlog
c:\users\raul\desktop\oop\lab_6_7\lab_6_7\debug\lab_6_7.tlog\cl.read.1.tlog
c:\users\raul\desktop\oop\lab_6_7\lab_6_7\debug\lab_6_7.tlog\cl.write.1.tlog
c:\users\raul\desktop\oop\lab_6_7\lab_6_7\debug\lab_6_7.tlog\link.command.1.tlog
c:\users\raul\desktop\oop\lab_6_7\lab_6_7\debug\lab_6_7.tlog\link.read.1.tlog
c:\users\raul\desktop\oop\lab_6_7\lab_6_7\debug\lab_6_7.tlog\link.write.1.tlog
